stencil
------------------------------------
 runtime: 0.628068 s
------------------------------------
--------------------------------------------------------------------------------
Comparison passed: images match with tolerance +/- 1
--------------------------------------------------------------------------------
stencil
------------------------------------
 runtime: 0.619092 s
------------------------------------
--------------------------------------------------------------------------------
Comparison passed: images match with tolerance +/- 1
--------------------------------------------------------------------------------
stencil
------------------------------------
 runtime: 0.618562 s
------------------------------------
--------------------------------------------------------------------------------
Comparison passed: images match with tolerance +/- 1
--------------------------------------------------------------------------------
stencil
------------------------------------
 runtime: 0.627801 s
------------------------------------
--------------------------------------------------------------------------------
Comparison passed: images match with tolerance +/- 1
--------------------------------------------------------------------------------
stencil
------------------------------------
 runtime: 0.626797 s
------------------------------------
--------------------------------------------------------------------------------
Comparison passed: images match with tolerance +/- 1
--------------------------------------------------------------------------------
stencil
------------------------------------
 runtime: 0.620158 s
------------------------------------
--------------------------------------------------------------------------------
Comparison passed: images match with tolerance +/- 1
--------------------------------------------------------------------------------
stencil
------------------------------------
 runtime: 0.619534 s
------------------------------------
--------------------------------------------------------------------------------
Comparison passed: images match with tolerance +/- 1
--------------------------------------------------------------------------------
stencil
------------------------------------
 runtime: 0.618782 s
------------------------------------
--------------------------------------------------------------------------------
Comparison passed: images match with tolerance +/- 1
--------------------------------------------------------------------------------
stencil
------------------------------------
 runtime: 0.632494 s
------------------------------------
--------------------------------------------------------------------------------
Comparison passed: images match with tolerance +/- 1
--------------------------------------------------------------------------------
stencil
------------------------------------
 runtime: 0.619253 s
------------------------------------
--------------------------------------------------------------------------------
Comparison passed: images match with tolerance +/- 1
--------------------------------------------------------------------------------
stencil
------------------------------------
 runtime: 0.629449 s
------------------------------------
--------------------------------------------------------------------------------
Comparison passed: images match with tolerance +/- 1
--------------------------------------------------------------------------------
stencil
------------------------------------
 runtime: 0.622871 s
------------------------------------
--------------------------------------------------------------------------------
Comparison passed: images match with tolerance +/- 1
--------------------------------------------------------------------------------
stencil
------------------------------------
 runtime: 0.634630 s
------------------------------------
--------------------------------------------------------------------------------
Comparison passed: images match with tolerance +/- 1
--------------------------------------------------------------------------------
stencil
------------------------------------
 runtime: 0.619680 s
------------------------------------
--------------------------------------------------------------------------------
Comparison passed: images match with tolerance +/- 1
--------------------------------------------------------------------------------
stencil
------------------------------------
 runtime: 0.618728 s
------------------------------------
--------------------------------------------------------------------------------
Comparison passed: images match with tolerance +/- 1
--------------------------------------------------------------------------------
stencil
------------------------------------
 runtime: 0.619846 s
------------------------------------
--------------------------------------------------------------------------------
Comparison passed: images match with tolerance +/- 1
--------------------------------------------------------------------------------
stencil
------------------------------------
 runtime: 0.618824 s
------------------------------------
--------------------------------------------------------------------------------
Comparison passed: images match with tolerance +/- 1
--------------------------------------------------------------------------------
stencil
------------------------------------
 runtime: 0.619995 s
------------------------------------
--------------------------------------------------------------------------------
Comparison passed: images match with tolerance +/- 1
--------------------------------------------------------------------------------
stencil
------------------------------------
 runtime: 0.636140 s
------------------------------------
--------------------------------------------------------------------------------
Comparison passed: images match with tolerance +/- 1
--------------------------------------------------------------------------------
stencil
------------------------------------
 runtime: 0.617802 s
------------------------------------
--------------------------------------------------------------------------------
Comparison passed: images match with tolerance +/- 1
--------------------------------------------------------------------------------
stencil
------------------------------------
 runtime: 0.619986 s
------------------------------------
--------------------------------------------------------------------------------
Comparison passed: images match with tolerance +/- 1
--------------------------------------------------------------------------------
stencil
------------------------------------
 runtime: 0.618840 s
------------------------------------
--------------------------------------------------------------------------------
Comparison passed: images match with tolerance +/- 1
--------------------------------------------------------------------------------
stencil
------------------------------------
 runtime: 0.619219 s
------------------------------------
--------------------------------------------------------------------------------
Comparison passed: images match with tolerance +/- 1
--------------------------------------------------------------------------------
stencil
------------------------------------
 runtime: 1.808908 s
------------------------------------
--------------------------------------------------------------------------------
Comparison passed: images match with tolerance +/- 1
--------------------------------------------------------------------------------
stencil
------------------------------------
 runtime: 1.803590 s
------------------------------------
--------------------------------------------------------------------------------
Comparison passed: images match with tolerance +/- 1
--------------------------------------------------------------------------------
stencil
------------------------------------
 runtime: 1.793014 s
------------------------------------
--------------------------------------------------------------------------------
Comparison passed: images match with tolerance +/- 1
--------------------------------------------------------------------------------
