Intel(R) Advisor can now assist with vectorization and show optimization
  report messages with your source code.
See "https://software.intel.com/en-us/intel-advisor-xe" for details.

Intel(R) C Intel(R) 64 Compiler for applications running on Intel(R) 64, Version 18.0.3.222 Build 20180410

Compiler options: -std=c99 -fast -Wall -qopt-report-phase=vec,loop -qopt-report=5 -qopt-report-file=compile.out -restrict -xCORE-AVX2 -o stencil_vec_report

Begin optimization report for: main(int, char **)

    Report from: Loop nest & Vector optimizations [loop, vec]


LOOP BEGIN at stencil.c(148,3) inlined into stencil.c(46,3)
   remark #15542: loop was not vectorized: inner loop was already vectorized

   LOOP BEGIN at stencil.c(149,5) inlined into stencil.c(46,3)
      remark #15329: vectorization support: non-unit strided store was emulated for the variable <image[j+i*(ny+2)]>, stride is unknown to compiler   [ stencil.c(150,7) ]
      remark #15329: vectorization support: non-unit strided store was emulated for the variable <tmp_image[j+i*(ny+2)]>, stride is unknown to compiler   [ stencil.c(151,7) ]
      remark #15305: vectorization support: vector length 2
      remark #15399: vectorization support: unroll factor set to 4
      remark #15300: LOOP WAS VECTORIZED
      remark #15453: unmasked strided stores: 2 
      remark #15475: --- begin vector cost summary ---
      remark #15476: scalar cost: 7 
      remark #15477: vector cost: 6.000 
      remark #15478: estimated potential speedup: 1.160 
      remark #15488: --- end vector cost summary ---
   LOOP END

   LOOP BEGIN at stencil.c(149,5) inlined into stencil.c(46,3)
   <Remainder loop for vectorization>
   LOOP END
LOOP END

LOOP BEGIN at stencil.c(157,3) inlined into stencil.c(46,3)
   remark #25096: Loop Interchange not done due to: Imperfect Loop Nest (Either at Source or due to other Compiler Transformations)
   remark #25452: Original Order found to be proper, but by a close margin
   remark #15542: loop was not vectorized: inner loop was already vectorized

   LOOP BEGIN at stencil.c(158,5) inlined into stencil.c(46,3)
      remark #15542: loop was not vectorized: inner loop was already vectorized

      LOOP BEGIN at stencil.c(163,2) inlined into stencil.c(46,3)
         remark #25096: Loop Interchange not done due to: Imperfect Loop Nest (Either at Source or due to other Compiler Transformations)
         remark #25451: Advice: Loop Interchange, if possible, might help loopnest. Suggested Permutation : ( 1 2 ) --> ( 2 1 ) 
         remark #15542: loop was not vectorized: inner loop was already vectorized

         LOOP BEGIN at stencil.c(164,11) inlined into stencil.c(46,3)
            remark #15329: vectorization support: non-unit strided store was emulated for the variable <image[j+i*(ny+2)]>, stride is unknown to compiler   [ stencil.c(165,13) ]
            remark #15305: vectorization support: vector length 2
            remark #15399: vectorization support: unroll factor set to 4
            remark #15300: LOOP WAS VECTORIZED
            remark #15453: unmasked strided stores: 1 
            remark #15475: --- begin vector cost summary ---
            remark #15476: scalar cost: 4 
            remark #15477: vector cost: 3.000 
            remark #15478: estimated potential speedup: 1.320 
            remark #15488: --- end vector cost summary ---
         LOOP END

         LOOP BEGIN at stencil.c(164,11) inlined into stencil.c(46,3)
         <Remainder loop for vectorization>
         LOOP END
      LOOP END
   LOOP END
LOOP END

LOOP BEGIN at stencil.c(50,3)
   remark #15542: loop was not vectorized: inner loop was already vectorized

   LOOP BEGIN at stencil.c(94,3) inlined into stencil.c(51,5)
      remark #25096: Loop Interchange not done due to: Imperfect Loop Nest (Either at Source or due to other Compiler Transformations)
      remark #25451: Advice: Loop Interchange, if possible, might help loopnest. Suggested Permutation : ( 1 2 3 4 ) --> ( 1 2 4 3 ) 
      remark #15542: loop was not vectorized: inner loop was already vectorized

      LOOP BEGIN at stencil.c(95,5) inlined into stencil.c(51,5)
         remark #25096: Loop Interchange not done due to: Imperfect Loop Nest (Either at Source or due to other Compiler Transformations)
         remark #25451: Advice: Loop Interchange, if possible, might help loopnest. Suggested Permutation : ( 1 2 3 ) --> ( 1 3 2 ) 
         remark #15542: loop was not vectorized: inner loop was already vectorized

         LOOP BEGIN at stencil.c(101,9) inlined into stencil.c(51,5)
            remark #25096: Loop Interchange not done due to: Imperfect Loop Nest (Either at Source or due to other Compiler Transformations)
            remark #25451: Advice: Loop Interchange, if possible, might help loopnest. Suggested Permutation : ( 1 2 ) --> ( 2 1 ) 
            remark #15542: loop was not vectorized: inner loop was already vectorized

            LOOP BEGIN at stencil.c(102,4) inlined into stencil.c(51,5)
               remark #15329: vectorization support: non-unit strided store was emulated for the variable <tmp_image[j+i*(ny+2)]>, stride is unknown to compiler   [ stencil.c(103,7) ]
               remark #15328: vectorization support: non-unit strided load was emulated for the variable <image[j+i*(ny+2)]>, stride is unknown to compiler   [ stencil.c(104,4) ]
               remark #15328: vectorization support: non-unit strided load was emulated for the variable <image[j+(i+1)*(ny+2)]>, stride is unknown to compiler   [ stencil.c(105,4) ]
               remark #15328: vectorization support: non-unit strided load was emulated for the variable <image[j+(i-1)*(ny+2)]>, stride is unknown to compiler   [ stencil.c(106,4) ]
               remark #15328: vectorization support: non-unit strided load was emulated for the variable <image[j-1+i*(ny+2)]>, stride is unknown to compiler   [ stencil.c(107,4) ]
               remark #15328: vectorization support: non-unit strided load was emulated for the variable <image[j+1+i*(ny+2)]>, stride is unknown to compiler   [ stencil.c(108,4) ]
               remark #15305: vectorization support: vector length 2
               remark #15399: vectorization support: unroll factor set to 4
               remark #15300: LOOP WAS VECTORIZED
               remark #15452: unmasked strided loads: 5 
               remark #15453: unmasked strided stores: 1 
               remark #15475: --- begin vector cost summary ---
               remark #15476: scalar cost: 27 
               remark #15477: vector cost: 17.000 
               remark #15478: estimated potential speedup: 1.570 
               remark #15488: --- end vector cost summary ---
            LOOP END

            LOOP BEGIN at stencil.c(102,4) inlined into stencil.c(51,5)
            <Remainder loop for vectorization>
               remark #15305: vectorization support: vector length 2
               remark #15309: vectorization support: normalized vectorization overhead 0.294
               remark #15301: REMAINDER LOOP WAS VECTORIZED
            LOOP END

            LOOP BEGIN at stencil.c(102,4) inlined into stencil.c(51,5)
            <Remainder loop for vectorization>
            LOOP END
         LOOP END
      LOOP END
   LOOP END

   LOOP BEGIN at stencil.c(94,3) inlined into stencil.c(52,5)
      remark #25096: Loop Interchange not done due to: Imperfect Loop Nest (Either at Source or due to other Compiler Transformations)
      remark #25451: Advice: Loop Interchange, if possible, might help loopnest. Suggested Permutation : ( 1 2 3 4 ) --> ( 1 2 4 3 ) 
      remark #15542: loop was not vectorized: inner loop was already vectorized

      LOOP BEGIN at stencil.c(95,5) inlined into stencil.c(52,5)
         remark #25096: Loop Interchange not done due to: Imperfect Loop Nest (Either at Source or due to other Compiler Transformations)
         remark #25451: Advice: Loop Interchange, if possible, might help loopnest. Suggested Permutation : ( 1 2 3 ) --> ( 1 3 2 ) 
         remark #15542: loop was not vectorized: inner loop was already vectorized

         LOOP BEGIN at stencil.c(101,9) inlined into stencil.c(52,5)
            remark #25096: Loop Interchange not done due to: Imperfect Loop Nest (Either at Source or due to other Compiler Transformations)
            remark #25451: Advice: Loop Interchange, if possible, might help loopnest. Suggested Permutation : ( 1 2 ) --> ( 2 1 ) 
            remark #15542: loop was not vectorized: inner loop was already vectorized

            LOOP BEGIN at stencil.c(102,4) inlined into stencil.c(52,5)
               remark #15329: vectorization support: non-unit strided store was emulated for the variable <image[j+i*(ny+2)]>, stride is unknown to compiler   [ stencil.c(103,7) ]
               remark #15328: vectorization support: non-unit strided load was emulated for the variable <tmp_image[j+i*(ny+2)]>, stride is unknown to compiler   [ stencil.c(104,4) ]
               remark #15328: vectorization support: non-unit strided load was emulated for the variable <tmp_image[j+(i+1)*(ny+2)]>, stride is unknown to compiler   [ stencil.c(105,4) ]
               remark #15328: vectorization support: non-unit strided load was emulated for the variable <tmp_image[j+(i-1)*(ny+2)]>, stride is unknown to compiler   [ stencil.c(106,4) ]
               remark #15328: vectorization support: non-unit strided load was emulated for the variable <tmp_image[j-1+i*(ny+2)]>, stride is unknown to compiler   [ stencil.c(107,4) ]
               remark #15328: vectorization support: non-unit strided load was emulated for the variable <tmp_image[j+1+i*(ny+2)]>, stride is unknown to compiler   [ stencil.c(108,4) ]
               remark #15305: vectorization support: vector length 2
               remark #15399: vectorization support: unroll factor set to 4
               remark #15300: LOOP WAS VECTORIZED
               remark #15452: unmasked strided loads: 5 
               remark #15453: unmasked strided stores: 1 
               remark #15475: --- begin vector cost summary ---
               remark #15476: scalar cost: 27 
               remark #15477: vector cost: 17.000 
               remark #15478: estimated potential speedup: 1.570 
               remark #15488: --- end vector cost summary ---
            LOOP END

            LOOP BEGIN at stencil.c(102,4) inlined into stencil.c(52,5)
            <Remainder loop for vectorization>
               remark #15305: vectorization support: vector length 2
               remark #15309: vectorization support: normalized vectorization overhead 0.294
               remark #15301: REMAINDER LOOP WAS VECTORIZED
            LOOP END

            LOOP BEGIN at stencil.c(102,4) inlined into stencil.c(52,5)
            <Remainder loop for vectorization>
            LOOP END
         LOOP END
      LOOP END
   LOOP END
LOOP END

LOOP BEGIN at stencil.c(192,5) inlined into stencil.c(68,3)
   remark #25444: Loopnest Interchanged: ( 1 2 ) --> ( 2 1 )
   remark #15542: loop was not vectorized: inner loop was already vectorized   [ stencil.c(192,5) ]

   LOOP BEGIN at stencil.c(191,3) inlined into stencil.c(68,3)
   <Peeled loop for vectorization>
      remark #25015: Estimate of max trip count of loop=3
   LOOP END

   LOOP BEGIN at stencil.c(191,3) inlined into stencil.c(68,3)
      remark #15389: vectorization support: reference image[j+i*(ny+2)] has unaligned access   [ stencil.c(193,11) ]
      remark #15381: vectorization support: unaligned access used inside loop body
      remark #15305: vectorization support: vector length 4
      remark #15399: vectorization support: unroll factor set to 4
      remark #15309: vectorization support: normalized vectorization overhead 1.450
      remark #15301: PERMUTED LOOP WAS VECTORIZED
      remark #15450: unmasked unaligned unit stride loads: 1 
      remark #15475: --- begin vector cost summary ---
      remark #15476: scalar cost: 8 
      remark #15477: vector cost: 1.250 
      remark #15478: estimated potential speedup: 4.940 
      remark #15488: --- end vector cost summary ---
   LOOP END

   LOOP BEGIN at stencil.c(191,3) inlined into stencil.c(68,3)
   <Remainder loop for vectorization>
      remark #15389: vectorization support: reference image[j+i*(ny+2)] has unaligned access   [ stencil.c(193,11) ]
      remark #15381: vectorization support: unaligned access used inside loop body
      remark #15305: vectorization support: vector length 4
      remark #15309: vectorization support: normalized vectorization overhead 5.333
      remark #15301: REMAINDER LOOP WAS VECTORIZED
   LOOP END

   LOOP BEGIN at stencil.c(191,3) inlined into stencil.c(68,3)
   <Remainder loop for vectorization>
   LOOP END
LOOP END

LOOP BEGIN at stencil.c(198,3) inlined into stencil.c(68,3)
   remark #25095: Loop Interchange not done due to: User Function Inside Loop Nest
   remark #25451: Advice: Loop Interchange, if possible, might help loopnest. Suggested Permutation : ( 1 2 ) --> ( 2 1 ) 
   remark #15382: vectorization support: call to function fputc(int, FILE *) cannot be vectorized   [ stencil.c(200,7) ]
   remark #15344: loop was not vectorized: vector dependence prevents vectorization
   remark #15346: vector dependence: assumed OUTPUT dependence between call:fputc(int, FILE *) (200:7) and call:fputc(int, FILE *) (200:7)
   remark #15346: vector dependence: assumed OUTPUT dependence between call:fputc(int, FILE *) (200:7) and call:fputc(int, FILE *) (200:7)

   LOOP BEGIN at stencil.c(199,5) inlined into stencil.c(68,3)
      remark #15527: loop was not vectorized: function call to fputc(int, FILE *) cannot be vectorized   [ stencil.c(200,7) ]
   LOOP END
LOOP END
===========================================================================
