stencil
------------------------------------
 runtime: 0.188523 s
------------------------------------
--------------------------------------------------------------------------------
Comparison passed: images match with tolerance +/- 1
--------------------------------------------------------------------------------
stencil
------------------------------------
 runtime: 0.188965 s
------------------------------------
--------------------------------------------------------------------------------
Comparison passed: images match with tolerance +/- 1
--------------------------------------------------------------------------------
stencil
------------------------------------
 runtime: 0.189133 s
------------------------------------
--------------------------------------------------------------------------------
Comparison passed: images match with tolerance +/- 1
--------------------------------------------------------------------------------
stencil
--------------------------------------------------------------------------------
Comparison passed: images match with tolerance +/- 1
--------------------------------------------------------------------------------
stencil
stencil
stencil
------------------------------------
 runtime: 0.246543 s
------------------------------------
--------------------------------------------------------------------------------
Comparison failed
--------------------------------------------------------------------------------
stencil
------------------------------------
 runtime: 0.186931 s
------------------------------------
--------------------------------------------------------------------------------
Comparison passed: images match with tolerance +/- 1
--------------------------------------------------------------------------------
stencil
------------------------------------
 runtime: 0.187677 s
------------------------------------
--------------------------------------------------------------------------------
Comparison passed: images match with tolerance +/- 1
--------------------------------------------------------------------------------
stencil
------------------------------------
 runtime: 0.143050 s
------------------------------------
--------------------------------------------------------------------------------
Comparison passed: images match with tolerance +/- 1
--------------------------------------------------------------------------------
stencil
------------------------------------
 runtime: 0.187581 s
------------------------------------
--------------------------------------------------------------------------------
Comparison passed: images match with tolerance +/- 1
--------------------------------------------------------------------------------
stencil
------------------------------------
 runtime: 0.188367 s
------------------------------------
--------------------------------------------------------------------------------
Comparison passed: images match with tolerance +/- 1
--------------------------------------------------------------------------------
stencil
------------------------------------
 runtime: 0.187871 s
------------------------------------
--------------------------------------------------------------------------------
Comparison passed: images match with tolerance +/- 1
--------------------------------------------------------------------------------
stencil
------------------------------------
 runtime: 0.156534 s
------------------------------------
--------------------------------------------------------------------------------
Comparison passed: images match with tolerance +/- 1
--------------------------------------------------------------------------------
stencil
------------------------------------
 runtime: 0.187067 s
------------------------------------
--------------------------------------------------------------------------------
Comparison passed: images match with tolerance +/- 1
--------------------------------------------------------------------------------
stencil
------------------------------------
 runtime: 0.187347 s
------------------------------------
--------------------------------------------------------------------------------
Comparison passed: images match with tolerance +/- 1
--------------------------------------------------------------------------------
stencil
------------------------------------
 runtime: 0.186883 s
------------------------------------
--------------------------------------------------------------------------------
Comparison passed: images match with tolerance +/- 1
--------------------------------------------------------------------------------
stencil
------------------------------------
 runtime: 0.185903 s
------------------------------------
--------------------------------------------------------------------------------
Comparison passed: images match with tolerance +/- 1
--------------------------------------------------------------------------------
stencil
------------------------------------
 runtime: 0.187686 s
------------------------------------
--------------------------------------------------------------------------------
Comparison passed: images match with tolerance +/- 1
--------------------------------------------------------------------------------
stencil
------------------------------------
 runtime: 0.188526 s
------------------------------------
--------------------------------------------------------------------------------
Comparison passed: images match with tolerance +/- 1
--------------------------------------------------------------------------------
stencil
------------------------------------
 runtime: 0.188195 s
------------------------------------
--------------------------------------------------------------------------------
Comparison passed: images match with tolerance +/- 1
--------------------------------------------------------------------------------
stencil
------------------------------------
 runtime: 0.188311 s
------------------------------------
--------------------------------------------------------------------------------
Comparison passed: images match with tolerance +/- 1
--------------------------------------------------------------------------------
stencil
------------------------------------
 runtime: 0.188325 s
------------------------------------
--------------------------------------------------------------------------------
Comparison passed: images match with tolerance +/- 1
--------------------------------------------------------------------------------
stencil
------------------------------------
 runtime: 0.187260 s
------------------------------------
--------------------------------------------------------------------------------
Comparison passed: images match with tolerance +/- 1
--------------------------------------------------------------------------------
stencil
------------------------------------
 runtime: 0.187346 s
------------------------------------
--------------------------------------------------------------------------------
Comparison passed: images match with tolerance +/- 1
--------------------------------------------------------------------------------
stencil
------------------------------------
 runtime: 0.187902 s
------------------------------------
--------------------------------------------------------------------------------
Comparison passed: images match with tolerance +/- 1
--------------------------------------------------------------------------------
stencil
------------------------------------
 runtime: 0.187530 s
------------------------------------
--------------------------------------------------------------------------------
Comparison passed: images match with tolerance +/- 1
--------------------------------------------------------------------------------
stencil
------------------------------------
 runtime: 0.187983 s
------------------------------------
--------------------------------------------------------------------------------
Comparison passed: images match with tolerance +/- 1
--------------------------------------------------------------------------------
stencil
------------------------------------
 runtime: 0.187076 s
------------------------------------
--------------------------------------------------------------------------------
Comparison passed: images match with tolerance +/- 1
--------------------------------------------------------------------------------
stencil
------------------------------------
 runtime: 0.179651 s
------------------------------------
--------------------------------------------------------------------------------
Comparison passed: images match with tolerance +/- 1
--------------------------------------------------------------------------------
stencil
------------------------------------
 runtime: 0.186707 s
------------------------------------
--------------------------------------------------------------------------------
Comparison passed: images match with tolerance +/- 1
--------------------------------------------------------------------------------
stencil
------------------------------------
 runtime: 0.180584 s
------------------------------------
--------------------------------------------------------------------------------
Comparison passed: images match with tolerance +/- 1
--------------------------------------------------------------------------------
stencil
------------------------------------
 runtime: 0.187767 s
------------------------------------
--------------------------------------------------------------------------------
Comparison passed: images match with tolerance +/- 1
--------------------------------------------------------------------------------
stencil
------------------------------------
 runtime: 0.176660 s
------------------------------------
--------------------------------------------------------------------------------
Comparison passed: images match with tolerance +/- 1
--------------------------------------------------------------------------------
stencil
------------------------------------
 runtime: 0.186980 s
------------------------------------
--------------------------------------------------------------------------------
Comparison passed: images match with tolerance +/- 1
--------------------------------------------------------------------------------
stencil
------------------------------------
 runtime: 0.176397 s
------------------------------------
--------------------------------------------------------------------------------
Comparison passed: images match with tolerance +/- 1
--------------------------------------------------------------------------------
stencil
------------------------------------
 runtime: 0.187802 s
------------------------------------
--------------------------------------------------------------------------------
Comparison passed: images match with tolerance +/- 1
--------------------------------------------------------------------------------
stencil
------------------------------------
 runtime: 0.177344 s
------------------------------------
--------------------------------------------------------------------------------
Comparison passed: images match with tolerance +/- 1
--------------------------------------------------------------------------------
stencil
stencil
--------------------------------------------------------------------------------
Comparison failed
--------------------------------------------------------------------------------
stencil
--------------------------------------------------------------------------------
Comparison passed: images match with tolerance +/- 1
--------------------------------------------------------------------------------
stencil
--------------------------------------------------------------------------------
Comparison passed: images match with tolerance +/- 1
--------------------------------------------------------------------------------
stencil
--------------------------------------------------------------------------------
Comparison passed: images match with tolerance +/- 1
--------------------------------------------------------------------------------
stencil
------------------------------------
 runtime: 0.201809 s
------------------------------------
--------------------------------------------------------------------------------
Comparison passed: images match with tolerance +/- 1
--------------------------------------------------------------------------------
stencil
--------------------------------------------------------------------------------
Comparison passed: images match with tolerance +/- 1
--------------------------------------------------------------------------------
stencil
--------------------------------------------------------------------------------
Comparison passed: images match with tolerance +/- 1
--------------------------------------------------------------------------------
stencil
------------------------------------
 runtime: 0.187902 s
------------------------------------
--------------------------------------------------------------------------------
Comparison passed: images match with tolerance +/- 1
--------------------------------------------------------------------------------
stencil
------------------------------------
 runtime: 0.046050 s
------------------------------------
--------------------------------------------------------------------------------
Comparison passed: images match with tolerance +/- 1
--------------------------------------------------------------------------------
stencil
------------------------------------
 runtime: 0.039635 s
------------------------------------
--------------------------------------------------------------------------------
Comparison passed: images match with tolerance +/- 1
--------------------------------------------------------------------------------
stencil
------------------------------------
 runtime: 0.037436 s
------------------------------------
--------------------------------------------------------------------------------
Comparison passed: images match with tolerance +/- 1
--------------------------------------------------------------------------------
stencil
------------------------------------
 runtime: 0.060435 s
------------------------------------
--------------------------------------------------------------------------------
Comparison passed: images match with tolerance +/- 1
--------------------------------------------------------------------------------
stencil
------------------------------------
 runtime: 0.041729 s
------------------------------------
--------------------------------------------------------------------------------
Comparison passed: images match with tolerance +/- 1
--------------------------------------------------------------------------------
stencil
------------------------------------
 runtime: 0.049789 s
------------------------------------
--------------------------------------------------------------------------------
Comparison passed: images match with tolerance +/- 1
--------------------------------------------------------------------------------
------------------------------------
 runtime: 1.457802 s
------------------------------------
--------------------------------------------------------------------------------
Comparison passed: images match with tolerance +/- 1
--------------------------------------------------------------------------------
------------------------------------
 runtime: 4.223307 s
------------------------------------
--------------------------------------------------------------------------------
Comparison passed: images match with tolerance +/- 1
--------------------------------------------------------------------------------
stencil
------------------------------------
 runtime: 0.051429 s
------------------------------------
--------------------------------------------------------------------------------
Comparison passed: images match with tolerance +/- 1
--------------------------------------------------------------------------------
------------------------------------
 runtime: 1.454766 s
------------------------------------
Error: image sizes do not match
